<?xml version="1.0" encoding="UTF-8"?>
<testng-results skipped="0" failed="0" total="1" passed="1">
  <reporter-output>
  </reporter-output>
  <suite name="Default suite" duration-ms="7420" started-at="2020-03-19T05:21:16Z" finished-at="2020-03-19T05:21:23Z">
    <groups>
    </groups>
    <test name="Default test" duration-ms="7420" started-at="2020-03-19T05:21:16Z" finished-at="2020-03-19T05:21:23Z">
      <class name="cn.ianzhang.automation.SearchBingTest">
        <test-method status="PASS" signature="setUp()[pri:0, instance:cn.ianzhang.automation.SearchBingTest@27efef64]" name="setUp" is-config="true" duration-ms="6007" started-at="2020-03-19T13:21:16Z" finished-at="2020-03-19T13:21:22Z">
          <reporter-output>
          </reporter-output>
        </test-method> <!-- setUp -->
        <test-method status="PASS" signature="searchBing()[pri:0, instance:cn.ianzhang.automation.SearchBingTest@27efef64]" name="searchBing" duration-ms="1336" started-at="2020-03-19T13:21:22Z" description="获取搜索bing后网页内容" finished-at="2020-03-19T13:21:23Z">
          <reporter-output>
          </reporter-output>
        </test-method> <!-- searchBing -->
        <test-method status="PASS" signature="tearDown()[pri:0, instance:cn.ianzhang.automation.SearchBingTest@27efef64]" name="tearDown" is-config="true" duration-ms="69" started-at="2020-03-19T13:21:23Z" finished-at="2020-03-19T13:21:23Z">
          <reporter-output>
          </reporter-output>
        </test-method> <!-- tearDown -->
      </class> <!-- cn.ianzhang.automation.SearchBingTest -->
    </test> <!-- Default test -->
  </suite> <!-- Default suite -->
</testng-results>
